ARM GAS  C:\Users\LZL\AppData\Local\Temp\ccxIaOBN.s 			page 1


   1              		.cpu cortex-m3
   2              		.eabi_attribute 20, 1
   3              		.eabi_attribute 21, 1
   4              		.eabi_attribute 23, 3
   5              		.eabi_attribute 24, 1
   6              		.eabi_attribute 25, 1
   7              		.eabi_attribute 26, 1
   8              		.eabi_attribute 30, 1
   9              		.eabi_attribute 34, 1
  10              		.eabi_attribute 18, 4
  11              		.file	"gpio.c"
  12              		.text
  13              	.Ltext0:
  14              		.cfi_sections	.debug_frame
  15              		.section	.text.MX_GPIO_Init,"ax",%progbits
  16              		.align	1
  17              		.global	MX_GPIO_Init
  18              		.arch armv7-m
  19              		.syntax unified
  20              		.thumb
  21              		.thumb_func
  22              		.fpu softvfp
  24              	MX_GPIO_Init:
  25              	.LFB65:
  26              		.file 1 "Core/Src/gpio.c"
   1:Core/Src/gpio.c **** /**
   2:Core/Src/gpio.c ****   ******************************************************************************
   3:Core/Src/gpio.c ****   * @file    gpio.c
   4:Core/Src/gpio.c ****   * @brief   This file provides code for the configuration
   5:Core/Src/gpio.c ****   *          of all used GPIO pins.
   6:Core/Src/gpio.c ****   ******************************************************************************
   7:Core/Src/gpio.c ****   * @attention
   8:Core/Src/gpio.c ****   *
   9:Core/Src/gpio.c ****   * <h2><center>&copy; Copyright (c) 2021 STMicroelectronics.
  10:Core/Src/gpio.c ****   * All rights reserved.</center></h2>
  11:Core/Src/gpio.c ****   *
  12:Core/Src/gpio.c ****   * This software component is licensed by ST under BSD 3-Clause license,
  13:Core/Src/gpio.c ****   * the "License"; You may not use this file except in compliance with the
  14:Core/Src/gpio.c ****   * License. You may obtain a copy of the License at:
  15:Core/Src/gpio.c ****   *                        opensource.org/licenses/BSD-3-Clause
  16:Core/Src/gpio.c ****   *
  17:Core/Src/gpio.c ****   ******************************************************************************
  18:Core/Src/gpio.c ****   */
  19:Core/Src/gpio.c **** 
  20:Core/Src/gpio.c **** /* Includes ------------------------------------------------------------------*/
  21:Core/Src/gpio.c **** #include "gpio.h"
  22:Core/Src/gpio.c **** 
  23:Core/Src/gpio.c **** /* USER CODE BEGIN 0 */
  24:Core/Src/gpio.c **** 
  25:Core/Src/gpio.c **** /* USER CODE END 0 */
  26:Core/Src/gpio.c **** 
  27:Core/Src/gpio.c **** /*----------------------------------------------------------------------------*/
  28:Core/Src/gpio.c **** /* Configure GPIO                                                             */
  29:Core/Src/gpio.c **** /*----------------------------------------------------------------------------*/
  30:Core/Src/gpio.c **** /* USER CODE BEGIN 1 */
  31:Core/Src/gpio.c **** 
  32:Core/Src/gpio.c **** /* USER CODE END 1 */
ARM GAS  C:\Users\LZL\AppData\Local\Temp\ccxIaOBN.s 			page 2


  33:Core/Src/gpio.c **** 
  34:Core/Src/gpio.c **** /** Configure pins as
  35:Core/Src/gpio.c ****         * Analog
  36:Core/Src/gpio.c ****         * Input
  37:Core/Src/gpio.c ****         * Output
  38:Core/Src/gpio.c ****         * EVENT_OUT
  39:Core/Src/gpio.c ****         * EXTI
  40:Core/Src/gpio.c **** */
  41:Core/Src/gpio.c **** void MX_GPIO_Init(void)
  42:Core/Src/gpio.c **** {
  27              		.loc 1 42 1 view -0
  28              		.cfi_startproc
  29              		@ args = 0, pretend = 0, frame = 24
  30              		@ frame_needed = 0, uses_anonymous_args = 0
  31 0000 2DE9F041 		push	{r4, r5, r6, r7, r8, lr}
  32              	.LCFI0:
  33              		.cfi_def_cfa_offset 24
  34              		.cfi_offset 4, -24
  35              		.cfi_offset 5, -20
  36              		.cfi_offset 6, -16
  37              		.cfi_offset 7, -12
  38              		.cfi_offset 8, -8
  39              		.cfi_offset 14, -4
  40 0004 86B0     		sub	sp, sp, #24
  41              	.LCFI1:
  42              		.cfi_def_cfa_offset 48
  43:Core/Src/gpio.c **** 
  44:Core/Src/gpio.c ****   GPIO_InitTypeDef GPIO_InitStruct = {0};
  43              		.loc 1 44 3 view .LVU1
  44              		.loc 1 44 20 is_stmt 0 view .LVU2
  45 0006 0024     		movs	r4, #0
  46 0008 0294     		str	r4, [sp, #8]
  47 000a 0394     		str	r4, [sp, #12]
  48 000c 0494     		str	r4, [sp, #16]
  49 000e 0594     		str	r4, [sp, #20]
  45:Core/Src/gpio.c **** 
  46:Core/Src/gpio.c ****   /* GPIO Ports Clock Enable */
  47:Core/Src/gpio.c ****   __HAL_RCC_GPIOE_CLK_ENABLE();
  50              		.loc 1 47 3 is_stmt 1 view .LVU3
  51              	.LBB2:
  52              		.loc 1 47 3 view .LVU4
  53              		.loc 1 47 3 view .LVU5
  54 0010 2F4B     		ldr	r3, .L3
  55 0012 9A69     		ldr	r2, [r3, #24]
  56 0014 42F04002 		orr	r2, r2, #64
  57 0018 9A61     		str	r2, [r3, #24]
  58              		.loc 1 47 3 view .LVU6
  59 001a 9A69     		ldr	r2, [r3, #24]
  60 001c 02F04002 		and	r2, r2, #64
  61 0020 0092     		str	r2, [sp]
  62              		.loc 1 47 3 view .LVU7
  63 0022 009A     		ldr	r2, [sp]
  64              	.LBE2:
  65              		.loc 1 47 3 view .LVU8
  48:Core/Src/gpio.c ****   __HAL_RCC_GPIOA_CLK_ENABLE();
  66              		.loc 1 48 3 view .LVU9
  67              	.LBB3:
ARM GAS  C:\Users\LZL\AppData\Local\Temp\ccxIaOBN.s 			page 3


  68              		.loc 1 48 3 view .LVU10
  69              		.loc 1 48 3 view .LVU11
  70 0024 9A69     		ldr	r2, [r3, #24]
  71 0026 42F00402 		orr	r2, r2, #4
  72 002a 9A61     		str	r2, [r3, #24]
  73              		.loc 1 48 3 view .LVU12
  74 002c 9B69     		ldr	r3, [r3, #24]
  75 002e 03F00403 		and	r3, r3, #4
  76 0032 0193     		str	r3, [sp, #4]
  77              		.loc 1 48 3 view .LVU13
  78 0034 019B     		ldr	r3, [sp, #4]
  79              	.LBE3:
  80              		.loc 1 48 3 view .LVU14
  49:Core/Src/gpio.c **** 
  50:Core/Src/gpio.c ****   /*Configure GPIO pin Output Level */
  51:Core/Src/gpio.c ****   HAL_GPIO_WritePin(GPIOE, GPIO_PIN_5, GPIO_PIN_RESET);
  81              		.loc 1 51 3 view .LVU15
  82 0036 274E     		ldr	r6, .L3+4
  83 0038 2246     		mov	r2, r4
  84 003a 2021     		movs	r1, #32
  85 003c 3046     		mov	r0, r6
  86 003e FFF7FEFF 		bl	HAL_GPIO_WritePin
  87              	.LVL0:
  52:Core/Src/gpio.c **** 
  53:Core/Src/gpio.c ****   /*Configure GPIO pins : PE2 PE3 PE4 */
  54:Core/Src/gpio.c ****   GPIO_InitStruct.Pin = GPIO_PIN_2|GPIO_PIN_3|GPIO_PIN_4;
  88              		.loc 1 54 3 view .LVU16
  89              		.loc 1 54 23 is_stmt 0 view .LVU17
  90 0042 1C23     		movs	r3, #28
  91 0044 0293     		str	r3, [sp, #8]
  55:Core/Src/gpio.c ****   GPIO_InitStruct.Mode = GPIO_MODE_IT_FALLING;
  92              		.loc 1 55 3 is_stmt 1 view .LVU18
  93              		.loc 1 55 24 is_stmt 0 view .LVU19
  94 0046 244B     		ldr	r3, .L3+8
  95 0048 0393     		str	r3, [sp, #12]
  56:Core/Src/gpio.c ****   GPIO_InitStruct.Pull = GPIO_PULLUP;
  96              		.loc 1 56 3 is_stmt 1 view .LVU20
  97              		.loc 1 56 24 is_stmt 0 view .LVU21
  98 004a 0125     		movs	r5, #1
  99 004c 0495     		str	r5, [sp, #16]
  57:Core/Src/gpio.c ****   HAL_GPIO_Init(GPIOE, &GPIO_InitStruct);
 100              		.loc 1 57 3 is_stmt 1 view .LVU22
 101 004e 02A9     		add	r1, sp, #8
 102 0050 3046     		mov	r0, r6
 103 0052 FFF7FEFF 		bl	HAL_GPIO_Init
 104              	.LVL1:
  58:Core/Src/gpio.c **** 
  59:Core/Src/gpio.c ****   /*Configure GPIO pin : PE5 */
  60:Core/Src/gpio.c ****   GPIO_InitStruct.Pin = GPIO_PIN_5;
 105              		.loc 1 60 3 view .LVU23
 106              		.loc 1 60 23 is_stmt 0 view .LVU24
 107 0056 4FF02008 		mov	r8, #32
 108 005a CDF80880 		str	r8, [sp, #8]
  61:Core/Src/gpio.c ****   GPIO_InitStruct.Mode = GPIO_MODE_OUTPUT_PP;
 109              		.loc 1 61 3 is_stmt 1 view .LVU25
 110              		.loc 1 61 24 is_stmt 0 view .LVU26
 111 005e 0395     		str	r5, [sp, #12]
ARM GAS  C:\Users\LZL\AppData\Local\Temp\ccxIaOBN.s 			page 4


  62:Core/Src/gpio.c ****   GPIO_InitStruct.Pull = GPIO_NOPULL;
 112              		.loc 1 62 3 is_stmt 1 view .LVU27
 113              		.loc 1 62 24 is_stmt 0 view .LVU28
 114 0060 0494     		str	r4, [sp, #16]
  63:Core/Src/gpio.c ****   GPIO_InitStruct.Speed = GPIO_SPEED_FREQ_LOW;
 115              		.loc 1 63 3 is_stmt 1 view .LVU29
 116              		.loc 1 63 25 is_stmt 0 view .LVU30
 117 0062 0227     		movs	r7, #2
 118 0064 0597     		str	r7, [sp, #20]
  64:Core/Src/gpio.c ****   HAL_GPIO_Init(GPIOE, &GPIO_InitStruct);
 119              		.loc 1 64 3 is_stmt 1 view .LVU31
 120 0066 02A9     		add	r1, sp, #8
 121 0068 3046     		mov	r0, r6
 122 006a FFF7FEFF 		bl	HAL_GPIO_Init
 123              	.LVL2:
  65:Core/Src/gpio.c ****   HAL_GPIO_WritePin(GPIOE,GPIO_PIN_5,GPIO_PIN_SET);
 124              		.loc 1 65 3 view .LVU32
 125 006e 2A46     		mov	r2, r5
 126 0070 4146     		mov	r1, r8
 127 0072 3046     		mov	r0, r6
 128 0074 FFF7FEFF 		bl	HAL_GPIO_WritePin
 129              	.LVL3:
  66:Core/Src/gpio.c **** 
  67:Core/Src/gpio.c ****   /*Configure GPIO pin : PA0 */
  68:Core/Src/gpio.c ****   GPIO_InitStruct.Pin = GPIO_PIN_0;
 130              		.loc 1 68 3 view .LVU33
 131              		.loc 1 68 23 is_stmt 0 view .LVU34
 132 0078 0295     		str	r5, [sp, #8]
  69:Core/Src/gpio.c ****   GPIO_InitStruct.Mode = GPIO_MODE_IT_RISING;
 133              		.loc 1 69 3 is_stmt 1 view .LVU35
 134              		.loc 1 69 24 is_stmt 0 view .LVU36
 135 007a 184B     		ldr	r3, .L3+12
 136 007c 0393     		str	r3, [sp, #12]
  70:Core/Src/gpio.c ****   GPIO_InitStruct.Pull = GPIO_PULLDOWN;
 137              		.loc 1 70 3 is_stmt 1 view .LVU37
 138              		.loc 1 70 24 is_stmt 0 view .LVU38
 139 007e 0497     		str	r7, [sp, #16]
  71:Core/Src/gpio.c ****   HAL_GPIO_Init(GPIOA, &GPIO_InitStruct);
 140              		.loc 1 71 3 is_stmt 1 view .LVU39
 141 0080 02A9     		add	r1, sp, #8
 142 0082 1748     		ldr	r0, .L3+16
 143 0084 FFF7FEFF 		bl	HAL_GPIO_Init
 144              	.LVL4:
  72:Core/Src/gpio.c **** 
  73:Core/Src/gpio.c ****   /* EXTI interrupt init*/
  74:Core/Src/gpio.c ****   HAL_NVIC_SetPriority(EXTI0_IRQn, 5, 0);
 145              		.loc 1 74 3 view .LVU40
 146 0088 2246     		mov	r2, r4
 147 008a 0521     		movs	r1, #5
 148 008c 0620     		movs	r0, #6
 149 008e FFF7FEFF 		bl	HAL_NVIC_SetPriority
 150              	.LVL5:
  75:Core/Src/gpio.c ****   HAL_NVIC_EnableIRQ(EXTI0_IRQn);
 151              		.loc 1 75 3 view .LVU41
 152 0092 0620     		movs	r0, #6
 153 0094 FFF7FEFF 		bl	HAL_NVIC_EnableIRQ
 154              	.LVL6:
ARM GAS  C:\Users\LZL\AppData\Local\Temp\ccxIaOBN.s 			page 5


  76:Core/Src/gpio.c **** 
  77:Core/Src/gpio.c ****   HAL_NVIC_SetPriority(EXTI2_IRQn, 5, 0);
 155              		.loc 1 77 3 view .LVU42
 156 0098 2246     		mov	r2, r4
 157 009a 0521     		movs	r1, #5
 158 009c 0820     		movs	r0, #8
 159 009e FFF7FEFF 		bl	HAL_NVIC_SetPriority
 160              	.LVL7:
  78:Core/Src/gpio.c ****   HAL_NVIC_EnableIRQ(EXTI2_IRQn);
 161              		.loc 1 78 3 view .LVU43
 162 00a2 0820     		movs	r0, #8
 163 00a4 FFF7FEFF 		bl	HAL_NVIC_EnableIRQ
 164              	.LVL8:
  79:Core/Src/gpio.c **** 
  80:Core/Src/gpio.c ****   HAL_NVIC_SetPriority(EXTI3_IRQn, 5, 0);
 165              		.loc 1 80 3 view .LVU44
 166 00a8 2246     		mov	r2, r4
 167 00aa 0521     		movs	r1, #5
 168 00ac 0920     		movs	r0, #9
 169 00ae FFF7FEFF 		bl	HAL_NVIC_SetPriority
 170              	.LVL9:
  81:Core/Src/gpio.c ****   HAL_NVIC_EnableIRQ(EXTI3_IRQn);
 171              		.loc 1 81 3 view .LVU45
 172 00b2 0920     		movs	r0, #9
 173 00b4 FFF7FEFF 		bl	HAL_NVIC_EnableIRQ
 174              	.LVL10:
  82:Core/Src/gpio.c **** 
  83:Core/Src/gpio.c ****   HAL_NVIC_SetPriority(EXTI4_IRQn, 5, 0);
 175              		.loc 1 83 3 view .LVU46
 176 00b8 2246     		mov	r2, r4
 177 00ba 0521     		movs	r1, #5
 178 00bc 0A20     		movs	r0, #10
 179 00be FFF7FEFF 		bl	HAL_NVIC_SetPriority
 180              	.LVL11:
  84:Core/Src/gpio.c ****   HAL_NVIC_EnableIRQ(EXTI4_IRQn);
 181              		.loc 1 84 3 view .LVU47
 182 00c2 0A20     		movs	r0, #10
 183 00c4 FFF7FEFF 		bl	HAL_NVIC_EnableIRQ
 184              	.LVL12:
  85:Core/Src/gpio.c **** 
  86:Core/Src/gpio.c **** }
 185              		.loc 1 86 1 is_stmt 0 view .LVU48
 186 00c8 06B0     		add	sp, sp, #24
 187              	.LCFI2:
 188              		.cfi_def_cfa_offset 24
 189              		@ sp needed
 190 00ca BDE8F081 		pop	{r4, r5, r6, r7, r8, pc}
 191              	.L4:
 192 00ce 00BF     		.align	2
 193              	.L3:
 194 00d0 00100240 		.word	1073876992
 195 00d4 00180140 		.word	1073813504
 196 00d8 00002110 		.word	270598144
 197 00dc 00001110 		.word	269549568
 198 00e0 00080140 		.word	1073809408
 199              		.cfi_endproc
 200              	.LFE65:
ARM GAS  C:\Users\LZL\AppData\Local\Temp\ccxIaOBN.s 			page 6


 202              		.section	.text.HAL_GPIO_EXTI_Callback,"ax",%progbits
 203              		.align	1
 204              		.global	HAL_GPIO_EXTI_Callback
 205              		.syntax unified
 206              		.thumb
 207              		.thumb_func
 208              		.fpu softvfp
 210              	HAL_GPIO_EXTI_Callback:
 211              	.LVL13:
 212              	.LFB66:
  87:Core/Src/gpio.c **** 
  88:Core/Src/gpio.c **** /* USER CODE BEGIN 2 */
  89:Core/Src/gpio.c **** void HAL_GPIO_EXTI_Callback(uint16_t GPIO_Pin)
  90:Core/Src/gpio.c **** {
 213              		.loc 1 90 1 is_stmt 1 view -0
 214              		.cfi_startproc
 215              		@ args = 0, pretend = 0, frame = 0
 216              		@ frame_needed = 0, uses_anonymous_args = 0
 217              		.loc 1 90 1 is_stmt 0 view .LVU50
 218 0000 10B5     		push	{r4, lr}
 219              	.LCFI3:
 220              		.cfi_def_cfa_offset 8
 221              		.cfi_offset 4, -8
 222              		.cfi_offset 14, -4
 223 0002 0446     		mov	r4, r0
  91:Core/Src/gpio.c ****   HAL_Delay(100);
 224              		.loc 1 91 3 is_stmt 1 view .LVU51
 225 0004 6420     		movs	r0, #100
 226              	.LVL14:
 227              		.loc 1 91 3 is_stmt 0 view .LVU52
 228 0006 FFF7FEFF 		bl	HAL_Delay
 229              	.LVL15:
  92:Core/Src/gpio.c ****   if(GPIO_Pin == GPIO_PIN_2)
 230              		.loc 1 92 3 is_stmt 1 view .LVU53
 231              		.loc 1 92 5 is_stmt 0 view .LVU54
 232 000a 042C     		cmp	r4, #4
 233 000c 02D0     		beq	.L9
  93:Core/Src/gpio.c ****   {
  94:Core/Src/gpio.c ****     HAL_GPIO_WritePin(GPIOE,GPIO_PIN_5,GPIO_PIN_SET);
  95:Core/Src/gpio.c ****   }else if(GPIO_Pin == GPIO_PIN_3){
 234              		.loc 1 95 9 is_stmt 1 view .LVU55
 235              		.loc 1 95 11 is_stmt 0 view .LVU56
 236 000e 082C     		cmp	r4, #8
 237 0010 06D0     		beq	.L10
 238              	.L5:
  96:Core/Src/gpio.c ****      HAL_GPIO_WritePin(GPIOE,GPIO_PIN_5,GPIO_PIN_RESET);
  97:Core/Src/gpio.c ****   }
  98:Core/Src/gpio.c **** }
 239              		.loc 1 98 1 view .LVU57
 240 0012 10BD     		pop	{r4, pc}
 241              	.L9:
  94:Core/Src/gpio.c ****   }else if(GPIO_Pin == GPIO_PIN_3){
 242              		.loc 1 94 5 is_stmt 1 view .LVU58
 243 0014 0122     		movs	r2, #1
 244 0016 2021     		movs	r1, #32
 245 0018 0448     		ldr	r0, .L11
 246 001a FFF7FEFF 		bl	HAL_GPIO_WritePin
ARM GAS  C:\Users\LZL\AppData\Local\Temp\ccxIaOBN.s 			page 7


 247              	.LVL16:
 248 001e F8E7     		b	.L5
 249              	.L10:
  96:Core/Src/gpio.c ****      HAL_GPIO_WritePin(GPIOE,GPIO_PIN_5,GPIO_PIN_RESET);
 250              		.loc 1 96 6 view .LVU59
 251 0020 0022     		movs	r2, #0
 252 0022 2021     		movs	r1, #32
 253 0024 0148     		ldr	r0, .L11
 254 0026 FFF7FEFF 		bl	HAL_GPIO_WritePin
 255              	.LVL17:
 256              		.loc 1 98 1 is_stmt 0 view .LVU60
 257 002a F2E7     		b	.L5
 258              	.L12:
 259              		.align	2
 260              	.L11:
 261 002c 00180140 		.word	1073813504
 262              		.cfi_endproc
 263              	.LFE66:
 265              		.text
 266              	.Letext0:
 267              		.file 2 "c:\\program files (x86)\\gnu arm embedded toolchain\\10 2020-q4-major\\arm-none-eabi\\inc
 268              		.file 3 "c:\\program files (x86)\\gnu arm embedded toolchain\\10 2020-q4-major\\arm-none-eabi\\inc
 269              		.file 4 "Drivers/CMSIS/Device/ST/STM32F1xx/Include/stm32f103xe.h"
 270              		.file 5 "Drivers/STM32F1xx_HAL_Driver/Inc/stm32f1xx_hal_gpio.h"
 271              		.file 6 "Drivers/STM32F1xx_HAL_Driver/Inc/stm32f1xx_hal.h"
 272              		.file 7 "Drivers/STM32F1xx_HAL_Driver/Inc/stm32f1xx_hal_cortex.h"
ARM GAS  C:\Users\LZL\AppData\Local\Temp\ccxIaOBN.s 			page 8


DEFINED SYMBOLS
                            *ABS*:00000000 gpio.c
C:\Users\LZL\AppData\Local\Temp\ccxIaOBN.s:16     .text.MX_GPIO_Init:00000000 $t
C:\Users\LZL\AppData\Local\Temp\ccxIaOBN.s:24     .text.MX_GPIO_Init:00000000 MX_GPIO_Init
C:\Users\LZL\AppData\Local\Temp\ccxIaOBN.s:194    .text.MX_GPIO_Init:000000d0 $d
C:\Users\LZL\AppData\Local\Temp\ccxIaOBN.s:203    .text.HAL_GPIO_EXTI_Callback:00000000 $t
C:\Users\LZL\AppData\Local\Temp\ccxIaOBN.s:210    .text.HAL_GPIO_EXTI_Callback:00000000 HAL_GPIO_EXTI_Callback
C:\Users\LZL\AppData\Local\Temp\ccxIaOBN.s:261    .text.HAL_GPIO_EXTI_Callback:0000002c $d

UNDEFINED SYMBOLS
HAL_GPIO_WritePin
HAL_GPIO_Init
HAL_NVIC_SetPriority
HAL_NVIC_EnableIRQ
HAL_Delay
